#
# A fatal error has been detected by the Java Runtime Environment:
#
#  SIGSEGV (0xb) at pc=0x00000000, pid=3475, tid=3057988720
#
# JRE version: Java(TM) SE Runtime Environment (7.0_40-b43) (build 1.7.0_40-b43)
# Java VM: Java HotSpot(TM) Client VM (24.0-b56 mixed mode linux-arm )
# Problematic frame:
# C  0x00000000
#
# Failed to write core dump. Core dumps have been disabled. To enable core dumping, try "ulimit -c unlimited" before starting Java again
#
# If you would like to submit a bug report, please visit:
#   http://bugreport.sun.com/bugreport/crash.jsp
# The crash happened outside the Java Virtual Machine in native code.
# See problematic frame for where to report the bug.
#

---------------  T H R E A D  ---------------

Current thread (0x0130f800):  JavaThread "main" [_thread_in_native, id=3480, stack(0xb6404000,0xb6454000)]

siginfo:si_signo=SIGSEGV: si_errno=0, si_code=1 (SEGV_MAPERR), si_addr=0x00000000

Registers:
  r0  = 0x00000001
  r1  = 0x000000c8
  r2  = 0x00000001
  r3  = 0x00000000
  r4  = 0xb436049c
  r5  = 0xa8d253b4
  r6  = 0x00000000
  r7  = 0x00000000
  r8  = 0xb6452a88
  r9  = 0xb05340d8
  r10 = 0x0130f800
  fp  = 0xb6452a78
  r12 = 0x00000004
  sp  = 0xb64529f0
  lr  = 0xa8d253cc
  pc  = 0x00000000
  cpsr = 0x20000010

Top of Stack: (sp=0xb64529f0)
0xb64529f0:   000000c8 b432f674 b6452a3c 00000000
0xb6452a00:   b69991a4 00000000 00000000 0130f800
0xb6452a10:   b6452a54 b670fbc8 000000b7 0130f800
0xb6452a20:   a95df7b8 b6452a84 b43353b8 b4325688
0xb6452a30:   00000000 b6452aac b6452a84 01311320
0xb6452a40:   01311320 01311324 01311324 fffffffe
0xb6452a50:   00000000 00000000 b6452a58 00000000
0xb6452a60:   b6452a88 b05346e8 00000000 b05340d8 

Instructions: (pc=0x00000000)
0xffffffe0:   

Register to memory mapping:

  r0  = 0x00000001
0x00000001 is an unknown value

  r1  = 0x000000c8
0x000000c8 is an unknown value

  r2  = 0x00000001
0x00000001 is an unknown value

  r3  = 0x00000000
0x00000000 is an unknown value

  r4  = 0xb436049c
0xb436049c is at code_begin+2076 in 
[CodeBlob (0xb435fc48)]
Framesize: 0
BufferBlob (0xb435fc48) used for native signature handlers

  r5  = 0xa8d253b4
0xa8d253b4: Java_com_pi4j_wiringpi_Gpio_pwmWrite+0 in /tmp/libpi4j.so at 0xa8d21000

  r6  = 0x00000000
0x00000000 is an unknown value

  r7  = 0x00000000
0x00000000 is an unknown value

  r8  = 0xb6452a88
0xb6452a88 is pointing into the stack for thread: 0x0130f800

  r9  = 0xb05340d8
0xb05340d8 is an oop
{method} 
 - klass: {other class}

  r10 = 0x0130f800
0x0130f800 is a thread

  fp  = 0xb6452a78
0xb6452a78 is pointing into the stack for thread: 0x0130f800

  r12 = 0x00000004
0x00000004 is an unknown value

  sp  = 0xb64529f0
0xb64529f0 is pointing into the stack for thread: 0x0130f800

  lr  = 0xa8d253cc
0xa8d253cc: Java_com_pi4j_wiringpi_Gpio_pwmWrite+0x18 in /tmp/libpi4j.so at 0xa8d21000

  pc  = 0x00000000
0x00000000 is an unknown value



Stack: [0xb6404000,0xb6454000],  sp=0xb64529f0,  free space=314k
Java frames: (J=compiled Java code, j=interpreted, Vv=VM code)
j  com.pi4j.wiringpi.Gpio.pwmWrite(II)V+0
j  serial.MCP23008GpioProvider.setPwmValue(Lcom/pi4j/io/gpio/Pin;I)V+7
j  serial.MCP23008GpioProvider.setPwm(Lcom/pi4j/io/gpio/Pin;I)V+20
j  serial.SerialCom.main([Ljava/lang/String;)V+60
v  ~StubRoutines::call_stub

---------------  P R O C E S S  ---------------

Java Threads: ( => current thread )
  0x0137a660 JavaThread "Service Thread" daemon [_thread_blocked, id=3486, stack(0xa8de8000,0xa8e38000)]
  0x01378ab8 JavaThread "C1 CompilerThread0" daemon [_thread_blocked, id=3485, stack(0xa8e38000,0xa8eb8000)]
  0x01377410 JavaThread "Signal Dispatcher" daemon [_thread_blocked, id=3484, stack(0xa8eb8000,0xa8f08000)]
  0x013645c0 JavaThread "Finalizer" daemon [_thread_blocked, id=3483, stack(0xa907f000,0xa90cf000)]
  0x01362190 JavaThread "Reference Handler" daemon [_thread_blocked, id=3482, stack(0xa90cf000,0xa911f000)]
=>0x0130f800 JavaThread "main" [_thread_in_native, id=3480, stack(0xb6404000,0xb6454000)]

Other Threads:
  0x01360b60 VMThread [stack: 0xa911f000,0xa919f000] [id=3481]
  0x01318d90 WatcherThread [stack: 0xa8d68000,0xa8de8000] [id=3487]

VM state:not at safepoint (normal execution)

VM Mutex/Monitor currently owned by a thread: None

Heap
 def new generation   total 2176K, used 1322K [0xa94a0000, 0xa96e0000, 0xab940000)
  eden space 2048K,  64% used [0xa94a0000, 0xa95eab20, 0xa96a0000)
  from space 128K,   0% used [0xa96a0000, 0xa96a0000, 0xa96c0000)
  to   space 128K,   0% used [0xa96c0000, 0xa96c0000, 0xa96e0000)
 tenured generation   total 4736K, used 0K [0xab940000, 0xabde0000, 0xb02a0000)
   the space 4736K,   0% used [0xab940000, 0xab940000, 0xab940200, 0xabde0000)
 compacting perm gen  total 12288K, used 2641K [0xb02a0000, 0xb0ea0000, 0xb42a0000)
   the space 12288K,  21% used [0xb02a0000, 0xb0534728, 0xb0534800, 0xb0ea0000)
No shared spaces configured.

Card table byte_map: [0xa9448000,0xa94a0000] byte_map_base: 0xa8efdb00

Polling page: 0xb6f71000

Code Cache  [0xb4323000, 0xb43cb000, 0xb6323000)
 total_blobs=161 nmethods=22 adapters=77 free_code_cache=32127Kb largest_free_block=32898240

Compilation events (10 events):
Event: 2.846 Thread 0x01378ab8   18             java.lang.Math::min (11 bytes)
Event: 2.847 Thread 0x01378ab8 nmethod 18 0xb43bcc48 code [0xb43bcd20, 0xb43bcda8]
Event: 2.879 Thread 0x01378ab8   19   !         java.io.BufferedReader::readLine (304 bytes)
Event: 2.922 Thread 0x01378ab8 nmethod 19 0xb43bce08 code [0xb43bcfa0, 0xb43bdc6c]
Event: 2.922 Thread 0x01378ab8   20             sun.nio.cs.UTF_8$Decoder::decodeArrayLoop (543 bytes)
Event: 3.018 Thread 0x01378ab8 nmethod 20 0xb43be908 code [0xb43bed40, 0xb43bfe20]
Event: 3.268 Thread 0x01378ab8   21             java.io.BufferedInputStream::getBufIfOpen (21 bytes)
Event: 3.270 Thread 0x01378ab8 nmethod 21 0xb43c2248 code [0xb43c2330, 0xb43c2444]
Event: 3.278 Thread 0x01378ab8   22  s          java.io.BufferedInputStream::read (49 bytes)
Event: 3.282 Thread 0x01378ab8 nmethod 22 0xb43c24c8 code [0xb43c25d0, 0xb43c28b0]

GC Heap History (0 events):
No events

Deoptimization events (0 events):
No events

Internal exceptions (10 events):
Event: 3.519 Thread 0x0130f800 Threw 0xa95c0d18 at /HUDSON/workspace/jdk7u40-2-build-linux-arm-vfp-hflt-product/jdk7u40/hotspot/src/share/vm/prims/jvm.cpp:1244
Event: 3.533 Thread 0x0130f800 Threw 0xa95c4ff8 at /HUDSON/workspace/jdk7u40-2-build-linux-arm-vfp-hflt-product/jdk7u40/hotspot/src/share/vm/prims/jvm.cpp:1244
Event: 3.546 Thread 0x0130f800 Threw 0xa95c9868 at /HUDSON/workspace/jdk7u40-2-build-linux-arm-vfp-hflt-product/jdk7u40/hotspot/src/share/vm/prims/jvm.cpp:1244
Event: 3.552 Thread 0x0130f800 Threw 0xa95cb6f8 at /HUDSON/workspace/jdk7u40-2-build-linux-arm-vfp-hflt-product/jdk7u40/hotspot/src/share/vm/prims/jvm.cpp:1244
Event: 3.559 Thread 0x0130f800 Threw 0xa95ced48 at /HUDSON/workspace/jdk7u40-2-build-linux-arm-vfp-hflt-product/jdk7u40/hotspot/src/share/vm/prims/jvm.cpp:1244
Event: 3.565 Thread 0x0130f800 Threw 0xa95d0cc0 at /HUDSON/workspace/jdk7u40-2-build-linux-arm-vfp-hflt-product/jdk7u40/hotspot/src/share/vm/prims/jvm.cpp:1244
Event: 3.572 Thread 0x0130f800 Threw 0xa95d3e98 at /HUDSON/workspace/jdk7u40-2-build-linux-arm-vfp-hflt-product/jdk7u40/hotspot/src/share/vm/prims/jvm.cpp:1244
Event: 3.581 Thread 0x0130f800 Threw 0xa95d7718 at /HUDSON/workspace/jdk7u40-2-build-linux-arm-vfp-hflt-product/jdk7u40/hotspot/src/share/vm/prims/jvm.cpp:1244
Event: 3.644 Thread 0x0130f800 Threw 0xa95dc538 at /HUDSON/workspace/jdk7u40-2-build-linux-arm-vfp-hflt-product/jdk7u40/hotspot/src/share/vm/prims/jvm.cpp:1244
Event: 3.653 Thread 0x0130f800 Threw 0xa95dfb78 at /HUDSON/workspace/jdk7u40-2-build-linux-arm-vfp-hflt-product/jdk7u40/hotspot/src/share/vm/prims/jvm.cpp:1244

Events (10 events):
Event: 3.602 loading class 0xa93c9d98
Event: 3.602 loading class 0xa93c9d98 done
Event: 3.609 loading class 0xa93c9dc8
Event: 3.609 loading class 0xa93c9dc8 done
Event: 3.611 loading class 0x013b3190
Event: 3.618 loading class 0x013b3190 done
Event: 3.639 loading class 0x014251e0
Event: 3.639 loading class 0x014251e0 done
Event: 3.653 loading class 0x014258e0
Event: 3.653 loading class 0x014258e0 done


Dynamic libraries:
00008000-00009000 r-xp 00000000 b3:02 46108      /usr/lib/jvm/jdk-7-oracle-armhf/bin/java
00010000-00011000 rw-p 00000000 b3:02 46108      /usr/lib/jvm/jdk-7-oracle-armhf/bin/java
01309000-01483000 rw-p 00000000 00:00 0          [heap]
a8c00000-a8c21000 rw-p 00000000 00:00 0 
a8c21000-a8d00000 ---p 00000000 00:00 0 
a8d21000-a8d2b000 r-xp 00000000 b3:02 8865       /tmp/libpi4j.so
a8d2b000-a8d33000 ---p 0000a000 b3:02 8865       /tmp/libpi4j.so
a8d33000-a8d34000 rw-p 0000a000 b3:02 8865       /tmp/libpi4j.so
a8d34000-a8d47000 r-xp 00000000 b3:02 46151      /usr/lib/jvm/jdk-7-oracle-armhf/jre/lib/arm/libnet.so
a8d47000-a8d4e000 ---p 00013000 b3:02 46151      /usr/lib/jvm/jdk-7-oracle-armhf/jre/lib/arm/libnet.so
a8d4e000-a8d4f000 rw-p 00012000 b3:02 46151      /usr/lib/jvm/jdk-7-oracle-armhf/jre/lib/arm/libnet.so
a8d4f000-a8d5c000 r-xp 00000000 b3:02 46146      /usr/lib/jvm/jdk-7-oracle-armhf/jre/lib/arm/libnio.so
a8d5c000-a8d63000 ---p 0000d000 b3:02 46146      /usr/lib/jvm/jdk-7-oracle-armhf/jre/lib/arm/libnio.so
a8d63000-a8d64000 rw-p 0000c000 b3:02 46146      /usr/lib/jvm/jdk-7-oracle-armhf/jre/lib/arm/libnio.so
a8d64000-a8d68000 r--s 00027000 b3:02 387473     /root/git/Gauss/Gauss/lib/pi4j-core.jar
a8d68000-a8d69000 ---p 00000000 00:00 0 
a8d69000-a8de8000 rw-p 00000000 00:00 0          [stack:3487]
a8de8000-a8deb000 ---p 00000000 00:00 0 
a8deb000-a8e38000 rw-p 00000000 00:00 0          [stack:3486]
a8e38000-a8e3b000 ---p 00000000 00:00 0 
a8e3b000-a8eb8000 rw-p 00000000 00:00 0          [stack:3485]
a8eb8000-a8ebb000 ---p 00000000 00:00 0 
a8ebb000-a8f08000 rw-p 00000000 00:00 0          [stack:3484]
a8f08000-a907f000 r--p 00000000 b3:02 2168       /usr/lib/locale/locale-archive
a907f000-a9082000 ---p 00000000 00:00 0 
a9082000-a90cf000 rw-p 00000000 00:00 0          [stack:3483]
a90cf000-a90d2000 ---p 00000000 00:00 0 
a90d2000-a911f000 rw-p 00000000 00:00 0          [stack:3482]
a911f000-a9120000 ---p 00000000 00:00 0 
a9120000-a91ea000 rw-p 00000000 00:00 0          [stack:3481]
a91ea000-a93a7000 r--s 039f6000 b3:02 46730      /usr/lib/jvm/jdk-7-oracle-armhf/jre/lib/rt.jar
a93a7000-a9409000 rw-p 00000000 00:00 0 
a9409000-a9423000 rw-p 00000000 00:00 0 
a9423000-a9426000 rw-p 00000000 00:00 0 
a9426000-a9448000 rw-p 00000000 00:00 0 
a9448000-a944a000 rw-p 00000000 00:00 0 
a944a000-a945a000 rw-p 00000000 00:00 0 
a945a000-a945d000 rw-p 00000000 00:00 0 
a945d000-a947f000 rw-p 00000000 00:00 0 
a947f000-a9485000 rw-p 00000000 00:00 0 
a9485000-a949f000 rw-p 00000000 00:00 0 
a949f000-a96e0000 rw-p 00000000 00:00 0 
a96e0000-ab940000 rw-p 00000000 00:00 0 
ab940000-abde0000 rw-p 00000000 00:00 0 
abde0000-b02a0000 rw-p 00000000 00:00 0 
b02a0000-b0ea0000 rw-p 00000000 00:00 0 
b0ea0000-b42a0000 rw-p 00000000 00:00 0 
b42a3000-b42a6000 rw-p 00000000 00:00 0 
b42a6000-b4323000 rw-p 00000000 00:00 0 
b4323000-b43cb000 rwxp 00000000 00:00 0 
b43cb000-b6323000 rw-p 00000000 00:00 0 
b6323000-b6338000 r-xp 00000000 b3:02 46141      /usr/lib/jvm/jdk-7-oracle-armhf/jre/lib/arm/libzip.so
b6338000-b633f000 ---p 00015000 b3:02 46141      /usr/lib/jvm/jdk-7-oracle-armhf/jre/lib/arm/libzip.so
b633f000-b6340000 rw-p 00014000 b3:02 46141      /usr/lib/jvm/jdk-7-oracle-armhf/jre/lib/arm/libzip.so
b6340000-b634a000 r-xp 00000000 b3:02 4220       /lib/arm-linux-gnueabihf/libnss_files-2.13.so
b634a000-b6351000 ---p 0000a000 b3:02 4220       /lib/arm-linux-gnueabihf/libnss_files-2.13.so
b6351000-b6352000 r--p 00009000 b3:02 4220       /lib/arm-linux-gnueabihf/libnss_files-2.13.so
b6352000-b6353000 rw-p 0000a000 b3:02 4220       /lib/arm-linux-gnueabihf/libnss_files-2.13.so
b6353000-b635c000 r-xp 00000000 b3:02 4239       /lib/arm-linux-gnueabihf/libnss_nis-2.13.so
b635c000-b6363000 ---p 00009000 b3:02 4239       /lib/arm-linux-gnueabihf/libnss_nis-2.13.so
b6363000-b6364000 r--p 00008000 b3:02 4239       /lib/arm-linux-gnueabihf/libnss_nis-2.13.so
b6364000-b6365000 rw-p 00009000 b3:02 4239       /lib/arm-linux-gnueabihf/libnss_nis-2.13.so
b6365000-b6376000 r-xp 00000000 b3:02 4233       /lib/arm-linux-gnueabihf/libnsl-2.13.so
b6376000-b637d000 ---p 00011000 b3:02 4233       /lib/arm-linux-gnueabihf/libnsl-2.13.so
b637d000-b637e000 r--p 00010000 b3:02 4233       /lib/arm-linux-gnueabihf/libnsl-2.13.so
b637e000-b637f000 rw-p 00011000 b3:02 4233       /lib/arm-linux-gnueabihf/libnsl-2.13.so
b637f000-b6381000 rw-p 00000000 00:00 0 
b6381000-b6387000 r-xp 00000000 b3:02 4235       /lib/arm-linux-gnueabihf/libnss_compat-2.13.so
b6387000-b638e000 ---p 00006000 b3:02 4235       /lib/arm-linux-gnueabihf/libnss_compat-2.13.so
b638e000-b638f000 r--p 00005000 b3:02 4235       /lib/arm-linux-gnueabihf/libnss_compat-2.13.so
b638f000-b6390000 rw-p 00006000 b3:02 4235       /lib/arm-linux-gnueabihf/libnss_compat-2.13.so
b6390000-b63b0000 r-xp 00000000 b3:02 1253       /lib/arm-linux-gnueabihf/libgcc_s.so.1
b63b0000-b63b7000 ---p 00020000 b3:02 1253       /lib/arm-linux-gnueabihf/libgcc_s.so.1
b63b7000-b63b8000 rw-p 0001f000 b3:02 1253       /lib/arm-linux-gnueabihf/libgcc_s.so.1
b63b8000-b63da000 r-xp 00000000 b3:02 46166      /usr/lib/jvm/jdk-7-oracle-armhf/jre/lib/arm/libjava.so
b63da000-b63e2000 ---p 00022000 b3:02 46166      /usr/lib/jvm/jdk-7-oracle-armhf/jre/lib/arm/libjava.so
b63e2000-b63e3000 rw-p 00022000 b3:02 46166      /usr/lib/jvm/jdk-7-oracle-armhf/jre/lib/arm/libjava.so
b63e3000-b63ec000 r-xp 00000000 b3:02 46170      /usr/lib/jvm/jdk-7-oracle-armhf/jre/lib/arm/libverify.so
b63ec000-b63f4000 ---p 00009000 b3:02 46170      /usr/lib/jvm/jdk-7-oracle-armhf/jre/lib/arm/libverify.so
b63f4000-b63f5000 rw-p 00009000 b3:02 46170      /usr/lib/jvm/jdk-7-oracle-armhf/jre/lib/arm/libverify.so
b63f5000-b63fb000 r-xp 00000000 b3:02 4214       /lib/arm-linux-gnueabihf/librt-2.13.so
b63fb000-b6402000 ---p 00006000 b3:02 4214       /lib/arm-linux-gnueabihf/librt-2.13.so
b6402000-b6403000 r--p 00005000 b3:02 4214       /lib/arm-linux-gnueabihf/librt-2.13.so
b6403000-b6404000 rw-p 00006000 b3:02 4214       /lib/arm-linux-gnueabihf/librt-2.13.so
b6404000-b6407000 ---p 00000000 00:00 0 
b6407000-b6454000 rw-p 00000000 00:00 0          [stack:3480]
b6454000-b64bc000 r-xp 00000000 b3:02 4238       /lib/arm-linux-gnueabihf/libm-2.13.so
b64bc000-b64c3000 ---p 00068000 b3:02 4238       /lib/arm-linux-gnueabihf/libm-2.13.so
b64c3000-b64c4000 r--p 00067000 b3:02 4238       /lib/arm-linux-gnueabihf/libm-2.13.so
b64c4000-b64c5000 rw-p 00068000 b3:02 4238       /lib/arm-linux-gnueabihf/libm-2.13.so
b64c5000-b697e000 r-xp 00000000 b3:02 46168      /usr/lib/jvm/jdk-7-oracle-armhf/jre/lib/arm/client/libjvm.so
b697e000-b6985000 ---p 004b9000 b3:02 46168      /usr/lib/jvm/jdk-7-oracle-armhf/jre/lib/arm/client/libjvm.so
b6985000-b69ab000 rw-p 004b8000 b3:02 46168      /usr/lib/jvm/jdk-7-oracle-armhf/jre/lib/arm/client/libjvm.so
b69ab000-b6dc8000 rw-p 00000000 00:00 0 
b6dc8000-b6eea000 r-xp 00000000 b3:02 4230       /lib/arm-linux-gnueabihf/libc-2.13.so
b6eea000-b6ef1000 ---p 00122000 b3:02 4230       /lib/arm-linux-gnueabihf/libc-2.13.so
b6ef1000-b6ef3000 r--p 00121000 b3:02 4230       /lib/arm-linux-gnueabihf/libc-2.13.so
b6ef3000-b6ef4000 rw-p 00123000 b3:02 4230       /lib/arm-linux-gnueabihf/libc-2.13.so
b6ef4000-b6ef7000 rw-p 00000000 00:00 0 
b6ef7000-b6ef9000 r-xp 00000000 b3:02 4236       /lib/arm-linux-gnueabihf/libdl-2.13.so
b6ef9000-b6f00000 ---p 00002000 b3:02 4236       /lib/arm-linux-gnueabihf/libdl-2.13.so
b6f00000-b6f01000 r--p 00001000 b3:02 4236       /lib/arm-linux-gnueabihf/libdl-2.13.so
b6f01000-b6f02000 rw-p 00002000 b3:02 4236       /lib/arm-linux-gnueabihf/libdl-2.13.so
b6f02000-b6f15000 r-xp 00000000 b3:02 46174      /usr/lib/jvm/jdk-7-oracle-armhf/jre/lib/arm/jli/libjli.so
b6f15000-b6f1c000 ---p 00013000 b3:02 46174      /usr/lib/jvm/jdk-7-oracle-armhf/jre/lib/arm/jli/libjli.so
b6f1c000-b6f1d000 rw-p 00012000 b3:02 46174      /usr/lib/jvm/jdk-7-oracle-armhf/jre/lib/arm/jli/libjli.so
b6f1d000-b6f31000 r-xp 00000000 b3:02 4223       /lib/arm-linux-gnueabihf/libpthread-2.13.so
b6f31000-b6f38000 ---p 00014000 b3:02 4223       /lib/arm-linux-gnueabihf/libpthread-2.13.so
b6f38000-b6f39000 r--p 00013000 b3:02 4223       /lib/arm-linux-gnueabihf/libpthread-2.13.so
b6f39000-b6f3a000 rw-p 00014000 b3:02 4223       /lib/arm-linux-gnueabihf/libpthread-2.13.so
b6f3a000-b6f3c000 rw-p 00000000 00:00 0 
b6f3f000-b6f47000 rw-s 00000000 b3:02 262492     /tmp/hsperfdata_root/3475
b6f47000-b6f49000 r-xp 00000000 b3:02 24733      /usr/lib/arm-linux-gnueabihf/libcofi_rpi.so
b6f49000-b6f50000 ---p 00002000 b3:02 24733      /usr/lib/arm-linux-gnueabihf/libcofi_rpi.so
b6f50000-b6f51000 rw-p 00001000 b3:02 24733      /usr/lib/arm-linux-gnueabihf/libcofi_rpi.so
b6f51000-b6f6e000 r-xp 00000000 b3:02 4224       /lib/arm-linux-gnueabihf/ld-2.13.so
b6f6e000-b6f71000 r--s 00084000 b3:02 46691      /usr/lib/jvm/jdk-7-oracle-armhf/jre/lib/ext/localedata.jar
b6f71000-b6f72000 r--p 00000000 00:00 0 
b6f72000-b6f76000 rw-p 00000000 00:00 0 
b6f76000-b6f77000 r--p 0001d000 b3:02 4224       /lib/arm-linux-gnueabihf/ld-2.13.so
b6f77000-b6f78000 rw-p 0001e000 b3:02 4224       /lib/arm-linux-gnueabihf/ld-2.13.so
bec0e000-bec2f000 rw-p 00000000 00:00 0          [stack]
ffff0000-ffff1000 r-xp 00000000 00:00 0          [vectors]

VM Arguments:
jvm_args: -Dfile.encoding=UTF-8 
java_command: serial.SerialCom
Launcher Type: SUN_STANDARD

Environment Variables:
PATH=/usr/lib/arm-linux-gnueabihf/libfm:/usr/local/sbin:/usr/local/bin:/usr/sbin:/usr/bin:/sbin:/bin
USERNAME=root
SHELL=/bin/bash
DISPLAY=:0.0

Signal Handlers:
SIGSEGV: [libjvm.so+0x455d80], sa_mask[0]=0x7ffbfeff, sa_flags=0x10000004
SIGBUS: [libjvm.so+0x455d80], sa_mask[0]=0x7ffbfeff, sa_flags=0x10000004
SIGFPE: [libjvm.so+0x357bac], sa_mask[0]=0x7ffbfeff, sa_flags=0x10000004
SIGPIPE: [libjvm.so+0x357bac], sa_mask[0]=0x7ffbfeff, sa_flags=0x10000004
SIGXFSZ: [libjvm.so+0x357bac], sa_mask[0]=0x7ffbfeff, sa_flags=0x10000004
SIGILL: [libjvm.so+0x357bac], sa_mask[0]=0x7ffbfeff, sa_flags=0x10000004
SIGUSR1: SIG_DFL, sa_mask[0]=0x00000000, sa_flags=0x00000000
SIGUSR2: [libjvm.so+0x357ef0], sa_mask[0]=0x00000004, sa_flags=0x10000004
SIGHUP: [libjvm.so+0x35803c], sa_mask[0]=0x7ffbfeff, sa_flags=0x10000004
SIGINT: [libjvm.so+0x35803c], sa_mask[0]=0x7ffbfeff, sa_flags=0x10000004
SIGTERM: [libjvm.so+0x35803c], sa_mask[0]=0x7ffbfeff, sa_flags=0x10000004
SIGQUIT: [libjvm.so+0x35803c], sa_mask[0]=0x7ffbfeff, sa_flags=0x10000004


---------------  S Y S T E M  ---------------

OS:7.1

uname:Linux 3.6.11+ #538 PREEMPT Fri Aug 30 20:42:08 BST 2013 armv6l
libc:glibc 2.13 NPTL 2.13 
rlimit: STACK 8192k, CORE 0k, NPROC 3376, NOFILE 4096, AS infinity
load average:0.98 0.70 0.45

/proc/meminfo:
MemTotal:         448736 kB
MemFree:           33124 kB
Buffers:           22000 kB
Cached:           190132 kB
SwapCached:            0 kB
Active:           252360 kB
Inactive:         144932 kB
Active(anon):     185296 kB
Inactive(anon):     1812 kB
Active(file):      67064 kB
Inactive(file):   143120 kB
Unevictable:           0 kB
Mlocked:               0 kB
SwapTotal:        102396 kB
SwapFree:         102396 kB
Dirty:               260 kB
Writeback:             0 kB
AnonPages:        185212 kB
Mapped:            41864 kB
Shmem:              1932 kB
Slab:               8256 kB
SReclaimable:       4328 kB
SUnreclaim:         3928 kB
KernelStack:        1608 kB
PageTables:         1952 kB
NFS_Unstable:          0 kB
Bounce:                0 kB
WritebackTmp:          0 kB
CommitLimit:      326764 kB
Committed_AS:     453444 kB
VmallocTotal:     565248 kB
VmallocUsed:        1688 kB
VmallocChunk:     348760 kB


CPU:total 1 (ARMv6), vfp

/proc/cpuinfo:
Processor	: ARMv6-compatible processor rev 7 (v6l)
BogoMIPS	: 697.95
Features	: swp half thumb fastmult vfp edsp java tls 
CPU implementer	: 0x41
CPU architecture: 7
CPU variant	: 0x0
CPU part	: 0xb76
CPU revision	: 7

Hardware	: BCM2708
Revision	: 000e
Serial		: 00000000e70fad95


Memory: 4k page, physical 448736k(33124k free), swap 102396k(102396k free)

vm_info: Java HotSpot(TM) Client VM (24.0-b56) for linux-arm-vfp-hflt JRE (1.7.0_40-b43), built on Aug 26 2013 21:44:37 by "java_re" with gcc 4.7.2 20120910 (prerelease)

time: Sun Feb  9 21:53:26 2014
elapsed time: 3 seconds

